<?xml version="1.0" encoding="UTF-8"?>
<!-- Generated by org.testng.reporters.JUnitReportReporter -->
<testsuite skipped="0" hostname="RaviSJoshi" name="leopard.test1" tests="1" failures="0" timestamp="10 Jul 2020 12:42:45 GMT" time="94.323" errors="0">
  <testcase name="test_login" time="94.323" classname="leopard.test1"/>
</testsuite> <!-- leopard.test1 -->
